0 info it worked if it ends with ok
1 verbose cli [ 'node', '/usr/local/bin/npm', 'install', '--save-dev', 'gulp' ]
2 info using npm@2.10.1
3 info using node@v0.12.4
4 verbose install initial load of /Applications/MAMP/htdocs/obxsurf/wp-content/themes/html5blank/package.json
5 verbose installManyTop reading scoped package data from /Applications/MAMP/htdocs/obxsurf/wp-content/themes/html5blank/node_modules/del/package.json
6 verbose installManyTop reading scoped package data from /Applications/MAMP/htdocs/obxsurf/wp-content/themes/html5blank/node_modules/gulp/package.json
7 verbose installManyTop reading scoped package data from /Applications/MAMP/htdocs/obxsurf/wp-content/themes/html5blank/node_modules/gulp-autoprefixer/package.json
8 verbose installManyTop reading scoped package data from /Applications/MAMP/htdocs/obxsurf/wp-content/themes/html5blank/node_modules/gulp-concat/package.json
9 verbose installManyTop reading scoped package data from /Applications/MAMP/htdocs/obxsurf/wp-content/themes/html5blank/node_modules/gulp-csso/package.json
10 verbose installManyTop reading scoped package data from /Applications/MAMP/htdocs/obxsurf/wp-content/themes/html5blank/node_modules/gulp-jshint/package.json
11 verbose installManyTop reading scoped package data from /Applications/MAMP/htdocs/obxsurf/wp-content/themes/html5blank/node_modules/gulp-livereload/package.json
12 verbose installManyTop reading scoped package data from /Applications/MAMP/htdocs/obxsurf/wp-content/themes/html5blank/node_modules/gulp-load-plugins/package.json
13 verbose installManyTop reading scoped package data from /Applications/MAMP/htdocs/obxsurf/wp-content/themes/html5blank/node_modules/gulp-ruby-sass/package.json
14 verbose installManyTop reading scoped package data from /Applications/MAMP/htdocs/obxsurf/wp-content/themes/html5blank/node_modules/gulp-template/package.json
15 verbose installManyTop reading scoped package data from /Applications/MAMP/htdocs/obxsurf/wp-content/themes/html5blank/node_modules/gulp-uglify/package.json
16 verbose installManyTop reading scoped package data from /Applications/MAMP/htdocs/obxsurf/wp-content/themes/html5blank/node_modules/jshint-stylish/package.json
17 info package.json gulp-concat@2.5.2 No license field.
18 info package.json gulp-jshint@1.10.0 No license field.
19 info package.json gulp@3.8.11 No license field.
20 verbose readDependencies loading dependencies from /Applications/MAMP/htdocs/obxsurf/wp-content/themes/html5blank/package.json
21 verbose install gulp is installed as 3.8.11
22 silly cache add args [ 'gulp', null ]
23 verbose cache add spec gulp
24 silly cache add parsed spec { raw: 'gulp',
24 silly cache add   scope: null,
24 silly cache add   name: 'gulp',
24 silly cache add   rawSpec: '',
24 silly cache add   spec: '*',
24 silly cache add   type: 'range' }
25 silly addNamed gulp@*
26 verbose addNamed "*" is a valid semver range for gulp
27 silly addNameRange { name: 'gulp', range: '*', hasData: false }
28 silly mapToRegistry name gulp
29 silly mapToRegistry using default registry
30 silly mapToRegistry registry https://registry.npmjs.org/
31 silly mapToRegistry uri https://registry.npmjs.org/gulp
32 verbose addNameRange registry:https://registry.npmjs.org/gulp not in flight; fetching
33 verbose request uri https://registry.npmjs.org/gulp
34 verbose request no auth needed
35 info attempt registry request try #1 at 2:09:46 PM
36 verbose request id 05fa6ad9f8414dae
37 verbose etag "4TKGIONBVBNP8R1PPBUPCJJO8"
38 http request GET https://registry.npmjs.org/gulp
39 http 304 https://registry.npmjs.org/gulp
40 silly get cb [ 304,
40 silly get   { date: 'Wed, 10 Jun 2015 18:09:47 GMT',
40 silly get     via: '1.1 varnish',
40 silly get     'cache-control': 'max-age=60',
40 silly get     etag: '"4TKGIONBVBNP8R1PPBUPCJJO8"',
40 silly get     age: '23',
40 silly get     connection: 'keep-alive',
40 silly get     'x-served-by': 'cache-ord1730-ORD',
40 silly get     'x-cache': 'HIT',
40 silly get     'x-cache-hits': '1',
40 silly get     'x-timer': 'S1433959787.191742,VS0,VE1',
40 silly get     vary: 'Accept' } ]
41 verbose etag https://registry.npmjs.org/gulp from cache
42 verbose get saving gulp to /Users/rpmdeveloper/.npm/registry.npmjs.org/gulp/.cache.json
43 silly addNameRange number 2 { name: 'gulp', range: '*', hasData: true }
44 silly addNameRange versions [ 'gulp',
44 silly addNameRange   [ '0.0.1',
44 silly addNameRange     '0.0.2',
44 silly addNameRange     '0.0.3',
44 silly addNameRange     '0.0.4',
44 silly addNameRange     '0.0.5',
44 silly addNameRange     '0.0.7',
44 silly addNameRange     '0.0.8',
44 silly addNameRange     '0.0.9',
44 silly addNameRange     '0.1.0',
44 silly addNameRange     '0.2.0',
44 silly addNameRange     '1.0.0',
44 silly addNameRange     '1.1.0',
44 silly addNameRange     '1.2.0',
44 silly addNameRange     '1.2.1',
44 silly addNameRange     '2.0.0',
44 silly addNameRange     '2.0.1',
44 silly addNameRange     '2.1.0',
44 silly addNameRange     '2.2.0',
44 silly addNameRange     '2.3.0',
44 silly addNameRange     '2.4.0',
44 silly addNameRange     '2.4.1',
44 silly addNameRange     '2.6.0',
44 silly addNameRange     '2.6.1',
44 silly addNameRange     '2.7.0',
44 silly addNameRange     '3.0.0',
44 silly addNameRange     '3.1.1',
44 silly addNameRange     '3.1.2',
44 silly addNameRange     '3.1.3',
44 silly addNameRange     '3.1.4',
44 silly addNameRange     '3.2.0',
44 silly addNameRange     '3.2.1',
44 silly addNameRange     '3.2.2',
44 silly addNameRange     '3.2.3',
44 silly addNameRange     '3.2.4',
44 silly addNameRange     '3.2.5',
44 silly addNameRange     '3.3.0',
44 silly addNameRange     '3.3.1',
44 silly addNameRange     '3.3.2',
44 silly addNameRange     '3.3.4',
44 silly addNameRange     '3.4.0',
44 silly addNameRange     '3.5.0',
44 silly addNameRange     '3.5.1',
44 silly addNameRange     '3.5.2',
44 silly addNameRange     '3.5.5',
44 silly addNameRange     '3.5.6',
44 silly addNameRange     '3.6.0',
44 silly addNameRange     '3.6.1',
44 silly addNameRange     '3.6.2',
44 silly addNameRange     '3.7.0',
44 silly addNameRange     '3.8.0',
44 silly addNameRange     '3.8.1',
44 silly addNameRange     '3.8.2',
44 silly addNameRange     '3.8.3',
44 silly addNameRange     '3.8.4',
44 silly addNameRange     '3.8.5',
44 silly addNameRange     '3.8.6',
44 silly addNameRange     '3.8.7',
44 silly addNameRange     '3.8.8',
44 silly addNameRange     '3.8.9',
44 silly addNameRange     '3.8.10',
44 silly addNameRange     '3.8.11',
44 silly addNameRange     '3.9.0' ] ]
45 silly addNamed gulp@3.9.0
46 verbose addNamed "3.9.0" is a plain semver version for gulp
47 silly cache afterAdd gulp@3.9.0
48 verbose afterAdd /Users/rpmdeveloper/.npm/gulp/3.9.0/package/package.json not in flight; writing
49 verbose afterAdd /Users/rpmdeveloper/.npm/gulp/3.9.0/package/package.json written
50 silly install resolved [ { name: 'gulp',
50 silly install resolved     description: 'The streaming build system',
50 silly install resolved     version: '3.9.0',
50 silly install resolved     homepage: 'http://gulpjs.com',
50 silly install resolved     repository: { type: 'git', url: 'git+https://github.com/gulpjs/gulp.git' },
50 silly install resolved     author:
50 silly install resolved      { name: 'Fractal',
50 silly install resolved        email: 'contact@wearefractal.com',
50 silly install resolved        url: 'http://wearefractal.com/' },
50 silly install resolved     tags: [ 'build', 'stream', 'system', 'make', 'tool', 'asset', 'pipeline' ],
50 silly install resolved     files: [ 'index.js', 'lib', 'bin', 'completion' ],
50 silly install resolved     bin: { gulp: './bin/gulp.js' },
50 silly install resolved     man: [ 'gulp.1' ],
50 silly install resolved     dependencies:
50 silly install resolved      { archy: '^1.0.0',
50 silly install resolved        chalk: '^1.0.0',
50 silly install resolved        deprecated: '^0.0.1',
50 silly install resolved        'gulp-util': '^3.0.0',
50 silly install resolved        interpret: '^0.6.2',
50 silly install resolved        liftoff: '^2.1.0',
50 silly install resolved        minimist: '^1.1.0',
50 silly install resolved        orchestrator: '^0.3.0',
50 silly install resolved        'pretty-hrtime': '^1.0.0',
50 silly install resolved        semver: '^4.1.0',
50 silly install resolved        tildify: '^1.0.0',
50 silly install resolved        v8flags: '^2.0.2',
50 silly install resolved        'vinyl-fs': '^0.3.0' },
50 silly install resolved     devDependencies:
50 silly install resolved      { coveralls: '^2.7.0',
50 silly install resolved        'graceful-fs': '^3.0.0',
50 silly install resolved        istanbul: '^0.3.0',
50 silly install resolved        jscs: '~1.12.0',
50 silly install resolved        jshint: '^2.5.0',
50 silly install resolved        'jshint-stylish': '^1.0.0',
50 silly install resolved        'marked-man': '^0.1.3',
50 silly install resolved        mkdirp: '^0.5.0',
50 silly install resolved        mocha: '^2.0.1',
50 silly install resolved        'mocha-lcov-reporter': '^0.0.1',
50 silly install resolved        q: '^1.0.0',
50 silly install resolved        rimraf: '^2.2.5',
50 silly install resolved        should: '^5.0.1' },
50 silly install resolved     scripts:
50 silly install resolved      { prepublish: 'marked-man --name gulp docs/CLI.md > gulp.1',
50 silly install resolved        lint: 'jshint lib bin test index.js --reporter node_modules/jshint-stylish/stylish.js --exclude node_modules && jscs lib bin test index.js',
50 silly install resolved        test: 'npm run-script lint && mocha --reporter spec',
50 silly install resolved        coveralls: 'istanbul cover _mocha --report lcovonly -- -R spec && cat ./coverage/lcov.info | coveralls && rm -rf ./coverage' },
50 silly install resolved     engines: { node: '>= 0.9' },
50 silly install resolved     license: 'MIT',
50 silly install resolved     gitHead: '657213a52d5e9c19b85df6a42f76341a98c08ae8',
50 silly install resolved     bugs: { url: 'https://github.com/gulpjs/gulp/issues' },
50 silly install resolved     _id: 'gulp@3.9.0',
50 silly install resolved     _shasum: 'cf1fba4cb558bb8c6ae6c9613f583ae2620d214a',
50 silly install resolved     _from: 'gulp@*',
50 silly install resolved     _npmVersion: '2.8.3',
50 silly install resolved     _nodeVersion: '0.10.36',
50 silly install resolved     _npmUser: { name: 'phated', email: 'blaine@iceddev.com' },
50 silly install resolved     maintainers: [ [Object], [Object] ],
50 silly install resolved     dist:
50 silly install resolved      { shasum: 'cf1fba4cb558bb8c6ae6c9613f583ae2620d214a',
50 silly install resolved        tarball: 'http://registry.npmjs.org/gulp/-/gulp-3.9.0.tgz' },
50 silly install resolved     directories: {},
50 silly install resolved     _resolved: 'https://registry.npmjs.org/gulp/-/gulp-3.9.0.tgz',
50 silly install resolved     readme: 'ERROR: No README data found!' } ]
51 info install gulp@3.9.0 into /Applications/MAMP/htdocs/obxsurf/wp-content/themes/html5blank
52 info installOne gulp@3.9.0
53 verbose installOne of gulp to /Applications/MAMP/htdocs/obxsurf/wp-content/themes/html5blank not in flight; installing
54 warn locking Error: EACCES, open '/Users/rpmdeveloper/.npm/_locks/gulp-84a582101c2401c1.lock'
54 warn locking     at Error (native)
54 warn locking  /Users/rpmdeveloper/.npm/_locks/gulp-84a582101c2401c1.lock failed { [Error: EACCES, open '/Users/rpmdeveloper/.npm/_locks/gulp-84a582101c2401c1.lock']
54 warn locking   errno: -13,
54 warn locking   code: 'EACCES',
54 warn locking   path: '/Users/rpmdeveloper/.npm/_locks/gulp-84a582101c2401c1.lock' }
55 verbose stack Error: Attempt to unlock /Applications/MAMP/htdocs/obxsurf/wp-content/themes/html5blank/node_modules/gulp, which hasn't been locked
55 verbose stack     at unlock (/usr/local/lib/node_modules/npm/lib/utils/locker.js:66:11)
55 verbose stack     at cb (/usr/local/lib/node_modules/npm/lib/install.js:1017:5)
55 verbose stack     at /usr/local/lib/node_modules/npm/lib/install.js:1021:20
55 verbose stack     at /usr/local/lib/node_modules/npm/lib/utils/locker.js:40:9
55 verbose stack     at cb (/usr/local/lib/node_modules/npm/node_modules/lockfile/lockfile.js:149:38)
55 verbose stack     at /usr/local/lib/node_modules/npm/node_modules/lockfile/lockfile.js:177:38
55 verbose stack     at FSReqWrap.oncomplete (fs.js:95:15)
56 verbose cwd /Applications/MAMP/htdocs/obxsurf/wp-content/themes/html5blank
57 error Darwin 14.3.0
58 error argv "node" "/usr/local/bin/npm" "install" "--save-dev" "gulp"
59 error node v0.12.4
60 error npm  v2.10.1
61 error Attempt to unlock /Applications/MAMP/htdocs/obxsurf/wp-content/themes/html5blank/node_modules/gulp, which hasn't been locked
62 error If you need help, you may report this error at:
62 error     <https://github.com/npm/npm/issues>
63 verbose exit [ 1, true ]
